2021-02-14 05:00:01 Received message: hiddenLang=en&langButton=Spanish&action=swapLang
2021-02-14 05:03:09 Received message: hiddenLang=en&langButton=Spanish&action=swapLang
2021-02-14 05:03:12 Received message: hiddenLang=en&langButton=Spanish&action=swapLang
2021-02-14 05:03:54 Received message: searchParameters=&action=search
2021-02-14 05:04:41 Received message: searchParameters=&action=search
2021-02-14 05:04:42 Received message: searchParameters=&action=search
2021-02-14 05:04:43 Received message: searchParameters=&action=search
2021-02-14 05:04:44 Received message: searchParameters=&action=search
2021-02-14 05:05:10 Received message: searchParameters=&action=swapLang
2021-02-14 05:05:14 Received message: searchParameters=&action=swapLang
2021-02-14 05:05:53 Received message: searchParameters=&action=swapLang
2021-02-14 05:05:57 Received message: searchParameters=&action=swapLang
2021-02-14 05:06:06 Received message: searchParameters=&action=swapLang
2021-02-14 05:06:26 Received message: searchParameters=&action=swapLang
2021-02-14 05:06:28 Received message: searchParameters=&action=swapLang
2021-02-14 06:15:43 Received message: searchParameters=&action=swap-language
2021-02-14 06:42:11 Received message: language=en&action=swap-language
2021-02-14 06:42:13 Received message: language=es&action=swap-language
2021-02-17 15:19:31 Received message: language=en&action=swap-language
2021-02-17 15:19:32 Received message: language=es&action=swap-language
